<?xml version="1.0" encoding="UTF-8"?>
<!-- Generated by org.testng.reporters.JUnitReportReporter -->
<testsuite hostname="BDC11-L-BWRFXD3" failures="0" tests="2" name="com.hyr.Test.FirstTest" time="30.016" errors="0" timestamp="2024-07-23T15:07:36 IST" skipped="0">
  <testcase classname="com.hyr.Test.FirstTest" name="TestGoogle" time="10.959"/>
  <testcase classname="com.hyr.Test.FirstTest" name="TestFB" time="19.057"/>
</testsuite> <!-- com.hyr.Test.FirstTest -->
