<?xml version="1.0" encoding="UTF-8"?>
<!-- Generated by org.testng.reporters.JUnitReportReporter -->
<testsuite hostname="BDC11-L-BWRFXD3" failures="0" tests="1" name="com.hyr.Test.AnnotationsTest" time="0.011" errors="0" timestamp="2024-07-23T22:42:56 IST" skipped="0">
  <testcase classname="com.hyr.Test.AnnotationsTest" name="testmethod1" time="0.011"/>
</testsuite> <!-- com.hyr.Test.AnnotationsTest -->
